Wed May 25 04:06:29 2022: build-wrapper, version 6.33 (win-x86-64)
Wed May 25 04:06:29 2022: isWow64: 0
Wed May 25 04:06:29 2022: windows version: 6.2, service pack: 0.0, build number: 9200, product type: 1
Wed May 25 04:06:29 2022: current directory: C:\Users\comesombas\universidad\is\parcialSoftware
Wed May 25 04:06:29 2022: cwd: <C:\Users\comesombas\universidad\is\parcialSoftware>
Wed May 25 04:06:29 2022: out-dir absolute path: <C:\Users\comesombas\universidad\is\parcialSoftware\bw-output>
Wed May 25 04:06:29 2022: command line received: <g++ azar.cpp>
Wed May 25 04:06:29 2022: initializing json file
Wed May 25 04:06:29 2022: starting debug cycle
Wed May 25 04:06:29 2022: process created with pid: 9020
Wed May 25 04:06:29 2022: image path name: <C:\msys64\mingw64\bin\g++.exe>
Wed May 25 04:06:29 2022: command line: <g++ azar.cpp>
Wed May 25 04:06:29 2022: working directory: <C:\Users\comesombas\universidad\is\parcialSoftware\>
Wed May 25 04:06:29 2022: isWow64: 0
Wed May 25 04:06:29 2022: env0: <=C:=C:\Users\comesombas\universidad\is\parcialSoftware>
Wed May 25 04:06:29 2022: env1: <=ExitCode=00000000>
Wed May 25 04:06:29 2022: env2: <ALLUSERSPROFILE=C:\ProgramData>
Wed May 25 04:06:29 2022: env3: <APPDATA=C:\Users\comesombas\AppData\Roaming>
Wed May 25 04:06:29 2022: env4: <CHROME_CRASHPAD_PIPE_NAME=\\.\pipe\crashpad_3000_FRUIZXVMPIJEYPZQ>
Wed May 25 04:06:29 2022: env5: <CommonProgramFiles=C:\Program Files\Common Files>
Wed May 25 04:06:29 2022: env6: <CommonProgramFiles(x86)=C:\Program Files (x86)\Common Files>
Wed May 25 04:06:29 2022: env7: <CommonProgramW6432=C:\Program Files\Common Files>
Wed May 25 04:06:29 2022: env8: <COMPUTERNAME=CABRIGI>
Wed May 25 04:06:29 2022: env9: <ComSpec=C:\WINDOWS\system32\cmd.exe>
Wed May 25 04:06:29 2022: env10: <CUDA_PATH=C:\Program Files\NVIDIA GPU Computing Toolkit\CUDA\v11.6>
Wed May 25 04:06:29 2022: env11: <CUDA_PATH_V11_6=C:\Program Files\NVIDIA GPU Computing Toolkit\CUDA\v11.6>
Wed May 25 04:06:29 2022: env12: <CYGWIN=wincmdln>
Wed May 25 04:06:29 2022: env13: <DriverData=C:\Windows\System32\Drivers\DriverData>
Wed May 25 04:06:29 2022: env14: <HOMEDRIVE=C:>
Wed May 25 04:06:29 2022: env15: <HOMEPATH=\Users\comesombas>
Wed May 25 04:06:29 2022: env16: <LOCALAPPDATA=C:\Users\comesombas\AppData\Local>
Wed May 25 04:06:29 2022: env17: <LOGONSERVER=\\CABRIGI>
Wed May 25 04:06:29 2022: env18: <NUMBER_OF_PROCESSORS=16>
Wed May 25 04:06:29 2022: env19: <NVTOOLSEXT_PATH=C:\Program Files\NVIDIA Corporation\NvToolsExt\>
Wed May 25 04:06:29 2022: env20: <OneDrive=C:\Users\comesombas\OneDrive>
Wed May 25 04:06:29 2022: env21: <ORIGINAL_XDG_CURRENT_DESKTOP=undefined>
Wed May 25 04:06:29 2022: env22: <OS=Windows_NT>
Wed May 25 04:06:29 2022: env23: <Path=C:\Program Files\NVIDIA GPU Computing Toolkit\CUDA\v11.6\bin;C:\Program Files\NVIDIA GPU Computing Toolkit\CUDA\v11.6\libnvvp;C:\Program Files\Microsoft\jdk-11.0.12.7-hotspot\bin;C:\Program Files (x86)\Common Files\Oracle\Java\javapath;C:\WINDOWS\system32;C:\WINDOWS;C:\WINDOWS\System32\Wbem;C:\WINDOWS\System32\WindowsPowerShell\v1.0\;C:\WINDOWS\System32\OpenSSH\;C:\Program Files\NVIDIA Corporation\NVIDIA NvDLISR;C:\Program Files (x86)\NVIDIA Corporation\PhysX\Common;C:\Program Files\Git\cmd;C:\Program Files\Microsoft SQL Server\150\Tools\Binn\;C:\Program Files\Microsoft SQL Server\Client SDK\ODBC\170\Tools\Binn\;C:\Program Files\dotnet\;C:\Program Files\NVIDIA Corporation\Nsight Compute 2022.1.1\;C:\build-wrapper-win-x86\build-wrapper-win-x86;C:\msys64\mingw64\bin;C:\Users\comesombas\AppData\Local\Microsoft\WindowsApps;C:\Users\comesombas\AppData\Local\Programs\Microsoft VS Code\bin;C:\Users\comesombas\.dotnet\tools;C:\sonar-scanner-cli-4.7.0.2747-windows\sonar-scanner-4.7.0.2747-windows\bin\;C:\build-wrapper-win-x86\build-wrapper-win-x86;C:\msys64\mingw64\bin;>
Wed May 25 04:06:29 2022: env24: <PATHEXT=.COM;.EXE;.BAT;.CMD;.VBS;.VBE;.JS;.JSE;.WSF;.WSH;.MSC>
Wed May 25 04:06:29 2022: env25: <PROCESSOR_ARCHITECTURE=AMD64>
Wed May 25 04:06:29 2022: env26: <PROCESSOR_IDENTIFIER=Intel64 Family 6 Model 158 Stepping 12, GenuineIntel>
Wed May 25 04:06:29 2022: env27: <PROCESSOR_LEVEL=6>
Wed May 25 04:06:29 2022: env28: <PROCESSOR_REVISION=9e0c>
Wed May 25 04:06:29 2022: env29: <ProgramData=C:\ProgramData>
Wed May 25 04:06:29 2022: env30: <ProgramFiles=C:\Program Files>
Wed May 25 04:06:29 2022: env31: <ProgramFiles(x86)=C:\Program Files (x86)>
Wed May 25 04:06:29 2022: env32: <ProgramW6432=C:\Program Files>
Wed May 25 04:06:29 2022: env33: <PROMPT=$P$G>
Wed May 25 04:06:29 2022: env34: <PSModulePath=C:\Program Files\WindowsPowerShell\Modules;C:\WINDOWS\system32\WindowsPowerShell\v1.0\Modules>
Wed May 25 04:06:29 2022: env35: <PT8HOME=C:\Program Files\Cisco Packet Tracer 8.1.0>
Wed May 25 04:06:29 2022: env36: <PUBLIC=C:\Users\Public>
Wed May 25 04:06:29 2022: env37: <SESSIONNAME=Console>
Wed May 25 04:06:29 2022: env38: <SONAR_TOKEN=de4d41de33c48a9cafb05802b4527094b94866b3>
Wed May 25 04:06:29 2022: env39: <SystemDrive=C:>
Wed May 25 04:06:29 2022: env40: <SystemRoot=C:\WINDOWS>
Wed May 25 04:06:29 2022: env41: <TEMP=C:\Users\COMESO~1\AppData\Local\Temp>
Wed May 25 04:06:29 2022: env42: <TMP=C:\Users\COMESO~1\AppData\Local\Temp>
Wed May 25 04:06:29 2022: env43: <USERDOMAIN=CABRIGI>
Wed May 25 04:06:29 2022: env44: <USERDOMAIN_ROAMINGPROFILE=CABRIGI>
Wed May 25 04:06:29 2022: env45: <USERNAME=comesombas>
Wed May 25 04:06:29 2022: env46: <USERPROFILE=C:\Users\comesombas>
Wed May 25 04:06:29 2022: env47: <VBOX_MSI_INSTALL_PATH=C:\Program Files\Oracle\VirtualBox\>
Wed May 25 04:06:29 2022: env48: <windir=C:\WINDOWS>
Wed May 25 04:06:29 2022: env49: <TERM_PROGRAM=vscode>
Wed May 25 04:06:29 2022: env50: <TERM_PROGRAM_VERSION=1.67.2>
Wed May 25 04:06:29 2022: env51: <LANG=en_US.UTF-8>
Wed May 25 04:06:29 2022: env52: <COLORTERM=truecolor>
Wed May 25 04:06:29 2022: env53: <VSCODE_GIT_IPC_HANDLE=\\.\pipe\vscode-git-1a20949ad9-sock>
Wed May 25 04:06:29 2022: env54: <VSCODE_GIT_ASKPASS_NODE=C:\Users\comesombas\AppData\Local\Programs\Microsoft VS Code\Code.exe>
Wed May 25 04:06:29 2022: env55: <VSCODE_GIT_ASKPASS_EXTRA_ARGS=--ms-enable-electron-run-as-node>
Wed May 25 04:06:29 2022: env56: <VSCODE_GIT_ASKPASS_MAIN=c:\Users\comesombas\AppData\Local\Programs\Microsoft VS Code\resources\app\extensions\git\dist\askpass-main.js>
Wed May 25 04:06:29 2022: env57: <GIT_ASKPASS=c:\Users\comesombas\AppData\Local\Programs\Microsoft VS Code\resources\app\extensions\git\dist\askpass.sh>
Wed May 25 04:06:29 2022: env58: <_NO_DEBUG_HEAP=1>
Wed May 25 04:06:29 2022: process created with pid: 22480
Wed May 25 04:06:29 2022: image path name: <C:\msys64\mingw64\bin\..\lib\gcc\x86_64-w64-mingw32\12.1.0\cc1plus.exe>
Wed May 25 04:06:29 2022: command line: <C:/msys64/mingw64/bin/../lib/gcc/x86_64-w64-mingw32/12.1.0/cc1plus.exe -quiet -iprefix C:/msys64/mingw64/bin/../lib/gcc/x86_64-w64-mingw32/12.1.0/ -D_REENTRANT azar.cpp -quiet -dumpdir a- -dumpbase azar.cpp -dumpbase-ext .cpp -mtune=generic -march=x86-64 -o C:\Users\COMESO~1\AppData\Local\Temp\ccdxTSWI.s>
Wed May 25 04:06:29 2022: working directory: <C:\Users\comesombas\universidad\is\parcialSoftware\>
Wed May 25 04:06:29 2022: isWow64: 0
Wed May 25 04:06:29 2022: skipping process C:\msys64\mingw64\bin\..\lib\gcc\x86_64-w64-mingw32\12.1.0\cc1plus.exe with pid: 22480
Wed May 25 04:06:29 2022: process with pid 22480 exit with code: 0 (0x0)
Wed May 25 04:06:29 2022: process created with pid: 10112
Wed May 25 04:06:29 2022: image path name: <C:\msys64\mingw64\bin\..\lib\gcc\x86_64-w64-mingw32\12.1.0\..\..\..\..\x86_64-w64-mingw32\bin\as.exe>
Wed May 25 04:06:29 2022: command line: <C:/msys64/mingw64/bin/../lib/gcc/x86_64-w64-mingw32/12.1.0/../../../../x86_64-w64-mingw32/bin/as.exe -o C:\Users\COMESO~1\AppData\Local\Temp\ccEG7HvG.o C:\Users\COMESO~1\AppData\Local\Temp\ccdxTSWI.s>
Wed May 25 04:06:29 2022: working directory: <C:\Users\comesombas\universidad\is\parcialSoftware\>
Wed May 25 04:06:29 2022: isWow64: 0
Wed May 25 04:06:29 2022: skipping process C:\msys64\mingw64\bin\..\lib\gcc\x86_64-w64-mingw32\12.1.0\..\..\..\..\x86_64-w64-mingw32\bin\as.exe with pid: 10112
Wed May 25 04:06:29 2022: process with pid 10112 exit with code: 0 (0x0)
Wed May 25 04:06:29 2022: process created with pid: 19760
Wed May 25 04:06:29 2022: image path name: <C:\msys64\mingw64\bin\..\lib\gcc\x86_64-w64-mingw32\12.1.0\collect2.exe>
Wed May 25 04:06:29 2022: command line: <C:/msys64/mingw64/bin/../lib/gcc/x86_64-w64-mingw32/12.1.0/collect2.exe -plugin C:/msys64/mingw64/bin/../lib/gcc/x86_64-w64-mingw32/12.1.0/liblto_plugin.dll -plugin-opt=C:/msys64/mingw64/bin/../lib/gcc/x86_64-w64-mingw32/12.1.0/lto-wrapper.exe -plugin-opt=-fresolution=C:\Users\COMESO~1\AppData\Local\Temp\cc9TCP3Q.res -plugin-opt=-pass-through=-lmingw32 -plugin-opt=-pass-through=-lgcc_s -plugin-opt=-pass-through=-lgcc -plugin-opt=-pass-through=-lmoldname -plugin-opt=-pass-through=-lmingwex -plugin-opt=-pass-through=-lmsvcrt -plugin-opt=-pass-through=-lkernel32 -plugin-opt=-pass-through=-lpthread -plugin-opt=-pass-through=-ladvapi32 -plugin-opt=-pass-through=-lshell32 -plugin-opt=-pass-through=-luser32 -plugin-opt=-pass-through=-lkernel32 -plugin-opt=-pass-through=-lmingw32 -plugin-opt=-pass-through=-lgcc_s -plugin-opt=-pass-through=-lgcc -plugin-opt=-pass-through=-lmoldname -plugin-opt=-pass-through=-lmingwex -plugin-opt=-pass-through=-lmsvcrt -plugin-opt=-pass-through=-lkernel32 -m i386pep -Bdynamic C:/msys64/mingw64/bin/../lib/gcc/x86_64-w64-mingw32/12.1.0/../../../../lib/crt2.o C:/msys64/mingw64/bin/../lib/gcc/x86_64-w64-mingw32/12.1.0/crtbegin.o -LC:/msys64/mingw64/bin/../lib/gcc/x86_64-w64-mingw32/12.1.0 -LC:/msys64/mingw64/bin/../lib/gcc -LC:/msys64/mingw64/bin/../lib/gcc/x86_64-w64-mingw32/12.1.0/../../../../x86_64-w64-mingw32/lib/../lib -LC:/msys64/mingw64/bin/../lib/gcc/x86_64-w64-mingw32/12.1.0/../../../../lib -LC:/msys64/mingw64/bin/../lib/gcc/x86_64-w64-mingw32/12.1.0/../../../../x86_64-w64-mingw32/lib -LC:/msys64/mingw64/bin/../lib/gcc/x86_64-w64-mingw32/12.1.0/../../.. C:\Users\COMESO~1\AppData\Local\Temp\ccEG7HvG.o -lstdc++ -lmingw32 -lgcc_s -lgcc -lmoldname -lmingwex -lmsvcrt -lkernel32 -lpthread -ladvapi32 -lshell32 -luser32 -lkernel32 -lmingw32 -lgcc_s -lgcc -lmoldname -lmingwex -lmsvcrt -lkernel32 C:/msys64/mingw64/bin/../lib/gcc/x86_64-w64-mingw32/12.1.0/../../../../lib/default-manifest.o C:/msys64/mingw64/bin/../lib/gcc/x86_64-w64-mingw32/12.1.0/crtend.o>
Wed May 25 04:06:29 2022: working directory: <C:\Users\comesombas\universidad\is\parcialSoftware\>
Wed May 25 04:06:29 2022: isWow64: 0
Wed May 25 04:06:29 2022: skipping process C:\msys64\mingw64\bin\..\lib\gcc\x86_64-w64-mingw32\12.1.0\collect2.exe with pid: 19760
Wed May 25 04:06:30 2022: process created with pid: 9352
Wed May 25 04:06:30 2022: image path name: <C:\msys64\mingw64\bin\..\lib\gcc\x86_64-w64-mingw32\12.1.0\..\..\..\..\x86_64-w64-mingw32\bin\ld.exe>
Wed May 25 04:06:30 2022: command line: <C:/msys64/mingw64/bin/../lib/gcc/x86_64-w64-mingw32/12.1.0/../../../../x86_64-w64-mingw32/bin/ld.exe -plugin C:/msys64/mingw64/bin/../lib/gcc/x86_64-w64-mingw32/12.1.0/liblto_plugin.dll -plugin-opt=C:/msys64/mingw64/bin/../lib/gcc/x86_64-w64-mingw32/12.1.0/lto-wrapper.exe -plugin-opt=-fresolution=C:\Users\COMESO~1\AppData\Local\Temp\cc9TCP3Q.res -plugin-opt=-pass-through=-lmingw32 -plugin-opt=-pass-through=-lgcc_s -plugin-opt=-pass-through=-lgcc -plugin-opt=-pass-through=-lmoldname -plugin-opt=-pass-through=-lmingwex -plugin-opt=-pass-through=-lmsvcrt -plugin-opt=-pass-through=-lkernel32 -plugin-opt=-pass-through=-lpthread -plugin-opt=-pass-through=-ladvapi32 -plugin-opt=-pass-through=-lshell32 -plugin-opt=-pass-through=-luser32 -plugin-opt=-pass-through=-lkernel32 -plugin-opt=-pass-through=-lmingw32 -plugin-opt=-pass-through=-lgcc_s -plugin-opt=-pass-through=-lgcc -plugin-opt=-pass-through=-lmoldname -plugin-opt=-pass-through=-lmingwex -plugin-opt=-pass-through=-lmsvcrt -plugin-opt=-pass-through=-lkernel32 -m i386pep -Bdynamic C:/msys64/mingw64/bin/../lib/gcc/x86_64-w64-mingw32/12.1.0/../../../../lib/crt2.o C:/msys64/mingw64/bin/../lib/gcc/x86_64-w64-mingw32/12.1.0/crtbegin.o -LC:/msys64/mingw64/bin/../lib/gcc/x86_64-w64-mingw32/12.1.0 -LC:/msys64/mingw64/bin/../lib/gcc -LC:/msys64/mingw64/bin/../lib/gcc/x86_64-w64-mingw32/12.1.0/../../../../x86_64-w64-mingw32/lib/../lib -LC:/msys64/mingw64/bin/../lib/gcc/x86_64-w64-mingw32/12.1.0/../../../../lib -LC:/msys64/mingw64/bin/../lib/gcc/x86_64-w64-mingw32/12.1.0/../../../../x86_64-w64-mingw32/lib -LC:/msys64/mingw64/bin/../lib/gcc/x86_64-w64-mingw32/12.1.0/../../.. C:\Users\COMESO~1\AppData\Local\Temp\ccEG7HvG.o -lstdc++ -lmingw32 -lgcc_s -lgcc -lmoldname -lmingwex -lmsvcrt -lkernel32 -lpthread -ladvapi32 -lshell32 -luser32 -lkernel32 -lmingw32 -lgcc_s -lgcc -lmoldname -lmingwex -lmsvcrt -lkernel32 C:/msys64/mingw64/bin/../lib/gcc/x86_64-w64-mingw32/12.1.0/../../../../lib/default-manifest.o C:/msys64/mingw64/bin/../lib/gcc/x86_64-w64-mingw32/12.1.0/crtend.o>
Wed May 25 04:06:30 2022: working directory: <C:\Users\comesombas\universidad\is\parcialSoftware\>
Wed May 25 04:06:30 2022: isWow64: 0
Wed May 25 04:06:30 2022: skipping process C:\msys64\mingw64\bin\..\lib\gcc\x86_64-w64-mingw32\12.1.0\..\..\..\..\x86_64-w64-mingw32\bin\ld.exe with pid: 9352
Wed May 25 04:06:30 2022: process with pid 9352 exit with code: 0 (0x0)
Wed May 25 04:06:30 2022: process with pid 19760 exit with code: 0 (0x0)
Wed May 25 04:06:30 2022: process with pid 9020 exit with code: 0 (0x0)
Wed May 25 04:06:30 2022: finalizing json file
